Receiving: 
Data: 
7 3 1 0 82 
Receiving: 
Data: 
7 3 2 0 82 
Receiving: 
Data: 
7 4 3 1 0 82 
Receiving: 
Data: 
7 3 10 0 82 
Receiving: 
Data: 
7 4 3 1 1 82 
Receiving: 
Data: 
7 3 10 0 82 
Receiving: 
Data: 
7 6 4 3 68 10 255 82 
Receiving: 
Data: 
7 6 4 3 68 245 1 82 
Receiving: 
Data: 
7 4 19 1 1 82 
Receiving: 
Data: 
7 6 4 3 69 10 255 82 
Receiving: 
Data: 
7 6 4 3 69 245 1 82 
Receiving: 
Data: 
7 4 19 1 1 82 
Receiving: 
Data: 
7 6 4 3 70 10 255 82 
Receiving: 
Data: 
7 6 4 3 70 245 1 82 
Receiving: 
Data: 
7 4 19 1 1 82 
Receiving: 
Data: 
7 10 17 7 76 245 1 0 1 10 255 82 
Receiving: 
Data: 
7 8 17 5 76 0 0 10 255 82 
Receiving: 
Data: 
7 4 19 1 14 82 
Receiving: 
Data: 
7 4 19 1 5 82 
Receiving: 
Data: 
7 4 19 1 6 82 
Receiving: 
Data: 
7 4 19 1 7 82 
Receiving: 
Data: 
7 4 19 1 13 82 
Receiving: 
Data: 
7 4 19 1 15 82 
Receiving: 
Data: 
7 4 69 1 15 82 
Receiving: 
Data: 
7 4 17 1 25 82 
Receiving: 
Data: 
7 4 4 1 25 82 
Receiving: 
Data: 
7 8 17 5 75 0 5 9 196 82 
Receiving: 
Data: 
7 8 17 5 75 0 6 19 136 82 
Receiving: 
Data: 
7 8 17 5 75 0 7 39 16 82 
Receiving: 
Data: 
7 8 17 5 75 0 5 0 0 82 
Receiving: 
Data: 
7 8 17 5 75 0 5 29 76 82 
Receiving: 
Data: 
7 5 18 2 11 6 82 
Receiving: 
Data: 
7 4 18 1 11 82 
Sending: 
Data: 
7 3 
Sending: 
Data: 
1 0 82 
Sending: 
Data: 
7 3 
Sending: 
Data: 
2 0 82 
Sending: 
Data: 
7 4 
Sending: 
Data: 
3 1 0 82 
Sending: 
Data: 
7 3 
Sending: 
Data: 
10 0 82 
Sending: 
Data: 
7 4 
Sending: 
Data: 
3 1 1 82 
Sending: 
Data: 
7 3 
Sending: 
Data: 
10 0 82 
Sending: 
Data: 
7 6 
Sending: 
Data: 
4 3 68 10 255 82 
Sending: 
Data: 
7 6 
Sending: 
Data: 
4 3 68 245 1 82 
Sending: 
Data: 
7 4 
Sending: 
Data: 
19 1 1 82 
Sending: 
Data: 
7 6 
Sending: 
Data: 
4 3 69 10 255 82 
Sending: 
Data: 
7 6 
Sending: 
Data: 
4 3 69 245 1 82 
Sending: 
Data: 
7 4 
Sending: 
Data: 
19 1 1 82 
Sending: 
Data: 
7 6 
Sending: 
Data: 
4 3 70 10 255 82 
Sending: 
Data: 
7 6 
Sending: 
Data: 
4 3 70 245 1 82 
Sending: 
Data: 
7 4 
Sending: 
Data: 
19 1 1 82 
Sending: 
Data: 
7 10 
Sending: 
Data: 
17 7 76 245 1 0 1 10 255 82 
Sending: 
Data: 
7 8 
Sending: 
Data: 
17 5 76 0 0 10 255 82 
Sending: 
Data: 
7 4 
Sending: 
Data: 
19 1 14 82 
Sending: 
Data: 
7 4 
Sending: 
Data: 
19 1 5 82 
Sending: 
Data: 
7 4 
Sending: 
Data: 
19 1 6 82 
Sending: 
Data: 
7 4 
Sending: 
Data: 
19 1 7 82 
Sending: 
Data: 
7 4 
Sending: 
Data: 
19 1 13 82 
Sending: 
Data: 
7 4 
Sending: 
Data: 
19 1 15 82 
Sending: 
Data: 
7 4 
Sending: 
Data: 
69 1 15 82 
Sending: 
Data: 
7 4 
Sending: 
Data: 
17 1 25 82 
Sending: 
Data: 
7 4 
Sending: 
Data: 
4 1 25 82 
Sending: 
Data: 
7 8 
Sending: 
Data: 
17 5 75 0 5 9 196 82 
Sending: 
Data: 
7 8 
Sending: 
Data: 
17 5 75 0 6 19 136 82 
Sending: 
Data: 
7 8 
Sending: 
Data: 
17 5 75 0 7 39 16 82 
Sending: 
Data: 
7 8 
Sending: 
Data: 
17 5 75 0 5 0 0 82 
Sending: 
Data: 
7 8 
Sending: 
Data: 
17 5 75 0 5 29 76 82 
Sending: 
Data: 
7 5 
Sending: 
Data: 
18 2 11 6 82 
Sending: 
Data: 
7 4 
Sending: 
Data: 
18 1 11 82 